<?xml version="1.0" encoding="UTF-8"?>
<testng-results ignored="0" total="1" passed="1" failed="0" skipped="0">
  <reporter-output>
  </reporter-output>
  <suite started-at="2023-12-19T02:25:49 IST" name="Default suite" finished-at="2023-12-19T02:25:56 IST" duration-ms="7178">
    <groups>
    </groups>
    <test started-at="2023-12-19T02:25:49 IST" name="Default test" finished-at="2023-12-19T02:25:56 IST" duration-ms="7178">
      <class name="demo1.DemoTest">
        <test-method signature="dTest()[pri:0, instance:demo1.DemoTest@327514f]" started-at="2023-12-19T02:25:49 IST" name="dTest" finished-at="2023-12-19T02:25:56 IST" duration-ms="7111" status="PASS">
          <reporter-output>
          </reporter-output>
        </test-method> <!-- dTest -->
      </class> <!-- demo1.DemoTest -->
    </test> <!-- Default test -->
  </suite> <!-- Default suite -->
</testng-results>
